2025-10-01 09:57:55  [play_pause] Sending Play/Pause media key…
2025-10-01 09:57:55  [play_pause] Play/Pause key sent.
2025-10-01 09:58:05  [play_pause] Sending Play/Pause media key…
2025-10-01 09:58:05  [play_pause] Play/Pause key sent.
2025-10-01 09:58:15  [play_pause] Sending Play/Pause media key…
2025-10-01 09:58:15  [play_pause] Play/Pause key sent.
2025-10-01 09:58:36  [play_pause] Sending Play/Pause media key…
2025-10-01 09:58:36  [play_pause] Play/Pause key sent.
2025-10-01 09:58:40  [play_pause] Sending Play/Pause media key…
2025-10-01 09:58:40  [play_pause] Play/Pause key sent.
2025-10-01 09:58:45  [play_pause] Sending Play/Pause media key…
2025-10-01 09:58:45  [play_pause] Play/Pause key sent.
2025-10-01 11:14:14  [bluetooth] Ensuring Bluetooth radio is ON…
2025-10-01 11:16:29  [bluetooth] Ensuring Bluetooth radio is ON (WinRT)…
2025-10-01 11:16:30  [bluetooth] WinRT toggle failed (rc=9, out='EXC:Unable to find type [Windows.Devices.Radios.Radios,Windows.Devices.Radios, ContentType=WindowsRuntime].', err=''). Falling back to PnP enable (admin)…
2025-10-01 11:16:35  [bluetooth] Radio ON via PnP fallback.
2025-10-01 11:16:35  [bluetooth] Connecting device containing 'Echo Show 5-1MM Avrcp Transport'…
2025-10-01 11:16:54  [bluetooth] Ensuring Bluetooth radio is ON (WinRT)…
2025-10-01 11:16:54  [bluetooth] WinRT toggle failed (rc=9, out='EXC:Unable to find type [Windows.Devices.Radios.Radios,Windows.Devices.Radios, ContentType=WindowsRuntime].', err=''). Falling back to PnP enable (admin)…
2025-10-01 11:17:00  [bluetooth] Radio ON via PnP fallback.
2025-10-01 11:17:00  [bluetooth] Connecting device containing 'Echo Show 5-1MM Avrcp Transport'…
2025-10-01 11:17:45  [bluetooth] Ensuring Bluetooth radio is ON (WinRT)…
2025-10-01 11:17:46  [bluetooth] WinRT toggle failed (rc=9, out='EXC:Unable to find type [Windows.Devices.Radios.Radios,Windows.Devices.Radios, ContentType=WindowsRuntime].', err=''). Falling back to PnP enable (admin)…
2025-10-01 11:17:51  [bluetooth] Radio ON via PnP fallback.
2025-10-01 11:17:51  [bluetooth] Connecting device containing 'Echo Show 5-1MM Avrcp Transport'…
2025-10-03 17:42:31  [bluetooth] Bluetooth radio is ON.
2025-10-03 17:42:31  [bluetooth] Searching for device named 'Echo Show 5-1MM'…
2025-10-03 17:46:43  [bluetooth] Bluetooth radio is ON.
2025-10-03 17:46:43  [bluetooth] WinRT DeviceInformation.find_all_async failed: TypeError('Invalid parameter count')
2025-10-03 17:46:43  [bluetooth] Falling back to PowerShell device list…
2025-10-03 17:55:51  [bluetooth] Bluetooth radio is ON.
2025-10-03 17:55:51  [bluetooth] Searching for device 'Echo Show 5-1MM' (paired) …
2025-10-03 17:57:30  [bluetooth] Bluetooth radio is ON.
2025-10-03 17:57:30  [bluetooth] Searching for device 'Echo Show 5-1MM' (paired) …
2025-10-03 17:57:30  [bluetooth] Found: Echo Show 5-1MM → opening…
2025-10-03 17:57:30  [bluetooth] Device already connected.
2025-10-03 17:57:47  [bluetooth] Bluetooth OFF → toggling ON…
2025-10-03 17:57:49  [bluetooth] Bluetooth radio is ON.
2025-10-03 17:57:49  [bluetooth] Searching for device 'Echo Show 5-1MM' (paired) …
2025-10-03 17:57:49  [bluetooth] Found: Echo Show 5-1MM → opening…
2025-10-03 17:57:49  [bluetooth] Device paired but not connected; nudging services…
2025-10-03 17:57:50  [bluetooth] No explicit Connect() in WinRT for classic A2DP; Windows should auto-connect when audio starts.
2025-10-03 18:03:26  [bluetooth] Bluetooth OFF → toggling ON…
2025-10-03 18:03:28  [bluetooth] Bluetooth radio is ON.
2025-10-03 18:03:28  [bluetooth] Searching for device 'Echo Show 5-1MM' (paired) …
2025-10-03 18:03:28  [bluetooth] Found: Echo Show 5-1MM → opening…
2025-10-03 18:03:28  [bluetooth] Device paired but not connected; nudging services…
2025-10-03 18:03:30  [bluetooth] No explicit Connect() in WinRT for classic A2DP; Windows should auto-connect when audio starts.
2025-10-03 18:06:20  [bluetooth] Bluetooth OFF → toggling ON…
2025-10-03 18:06:22  [bluetooth] Bluetooth radio is ON.
2025-10-03 18:06:22  [bluetooth] Searching for device 'Echo Show 5-1MM' (paired) …
2025-10-03 18:06:22  [bluetooth] Found: Echo Show 5-1MM → opening…
2025-10-03 18:06:22  [bluetooth] Device paired but not connected; nudging services…
2025-10-03 18:06:23  [bluetooth] No explicit Connect() in WinRT for classic A2DP; Windows should auto-connect when audio starts.
2025-10-03 18:06:45  [bluetooth] Bluetooth OFF → toggling ON…
2025-10-03 18:06:47  [bluetooth] Bluetooth radio is ON.
2025-10-03 18:06:47  [bluetooth] Searching for device 'Echo Show 5-1MM' (paired) …
2025-10-03 18:06:47  [bluetooth] Found: Echo Show 5-1MM → opening…
2025-10-03 18:06:47  [bluetooth] Device paired but not connected; nudging services…
2025-10-03 18:06:49  [bluetooth] No explicit Connect() in WinRT for classic A2DP; Windows should auto-connect when audio starts.
2025-10-03 18:08:24  [bluetooth] Bluetooth OFF → toggling ON…
2025-10-03 18:08:26  [bluetooth] Bluetooth radio is ON.
2025-10-03 18:08:26  [bluetooth] Searching for device 'Echo Show 5-1MM' (paired) …
2025-10-03 18:08:26  [bluetooth] Found: Echo Show 5-1MM → opening…
2025-10-03 18:08:26  [bluetooth] Device paired but not connected; nudging services…
2025-10-03 18:08:27  [bluetooth] No explicit Connect() in WinRT for classic A2DP; Windows should auto-connect when audio starts.
2025-10-03 18:11:28  [bluetooth] Bluetooth OFF → toggling ON…
2025-10-03 18:11:30  [bluetooth] Bluetooth radio is ON.
2025-10-03 18:11:30  [bluetooth] Searching for device 'Echo Show 5-1MM' (paired) …
2025-10-03 18:11:30  [bluetooth] Found: Echo Show 5-1MM → opening…
2025-10-03 18:11:30  [bluetooth] Device paired but not connected; nudging services…
2025-10-03 18:11:32  [bluetooth] No explicit Connect() in WinRT for classic A2DP; Windows should auto-connect when audio starts.
2025-10-03 18:11:42  [bluetooth] Echo Show 5-1MM not connected within 10s.
2025-10-03 18:12:31  [bluetooth] Bluetooth radio is ON.
2025-10-03 18:12:31  [bluetooth] Searching for device 'Echo Show 5-1MM' (paired) …
2025-10-03 18:12:31  [bluetooth] Found: Echo Show 5-1MM → opening…
2025-10-03 18:12:31  [bluetooth] Device already connected.
2025-10-03 18:12:32  [bluetooth] Echo Show 5-1MM connected (within wait).
2025-10-03 18:13:25  [bluetooth] Bluetooth OFF → toggling ON…
2025-10-03 18:13:27  [bluetooth] Bluetooth radio is ON.
2025-10-03 18:13:27  [bluetooth] Searching for device 'Echo Show 5-1MM' (paired) …
2025-10-03 18:13:27  [bluetooth] Found: Echo Show 5-1MM → opening…
2025-10-03 18:13:27  [bluetooth] Device paired but not connected; nudging services…
2025-10-03 18:13:29  [bluetooth] No explicit Connect() in WinRT for classic A2DP; Windows should auto-connect when audio starts.
2025-10-03 18:13:40  [bluetooth] Echo Show 5-1MM connected (within wait).
2025-10-03 18:14:00  [bluetooth] Bluetooth OFF → toggling ON…
2025-10-03 18:14:02  [bluetooth] Bluetooth radio is ON.
2025-10-03 18:14:02  [bluetooth] Searching for device 'Echo Show 5-1MM' (paired) …
2025-10-03 18:14:02  [bluetooth] Found: Echo Show 5-1MM → opening…
2025-10-03 18:14:03  [bluetooth] Device paired but not connected; nudging services…
2025-10-03 18:14:04  [bluetooth] No explicit Connect() in WinRT for classic A2DP; Windows should auto-connect when audio starts.
2025-10-03 18:14:14  [bluetooth] Echo Show 5-1MM connected (within wait).
2025-10-03 18:15:06  [bluetooth] Bluetooth radio is ON.
2025-10-03 18:15:06  [bluetooth] Searching for device 'Echo Show 5-1MM' (paired) …
2025-10-03 18:15:06  [bluetooth] Found: Echo Show 5-1MM → opening…
2025-10-03 18:15:06  [bluetooth] Device already connected.
2025-10-03 18:15:06  [bluetooth] Echo Show 5-1MM connected (within wait).
2025-10-03 18:15:36  [bluetooth] Bluetooth radio is ON.
2025-10-03 18:15:36  [bluetooth] Searching for device 'Echo Show 5-1MM' (paired) …
2025-10-03 18:15:36  [bluetooth] Found: Echo Show 5-1MM → opening…
2025-10-03 18:15:36  [bluetooth] Device already connected.
2025-10-03 18:15:36  [bluetooth] Echo Show 5-1MM connected (within wait).
2025-10-03 23:23:50  [bluetooth] Bluetooth OFF → toggling ON…
2025-10-03 23:23:53  [bluetooth] Bluetooth radio is ON.
2025-10-03 23:23:53  [bluetooth] Searching for device 'Echo Show 5-1MM' (paired) …
2025-10-03 23:23:53  [bluetooth] Found: Echo Show 5-1MM → opening…
2025-10-03 23:23:53  [bluetooth] Device paired but not connected; nudging services…
2025-10-03 23:23:54  [bluetooth] No explicit Connect() in WinRT for classic A2DP; Windows should auto-connect when audio starts.
2025-10-03 23:24:04  [bluetooth] Echo Show 5-1MM connected (within wait).
2025-10-03 23:24:33  [bluetooth] Bluetooth OFF → toggling ON…
2025-10-03 23:24:35  [bluetooth] Bluetooth radio is ON.
2025-10-03 23:24:35  [bluetooth] Searching for device 'Echo Show 5-1MM' (paired) …
2025-10-03 23:24:35  [bluetooth] Found: Echo Show 5-1MM → opening…
2025-10-03 23:24:35  [bluetooth] Device paired but not connected; nudging services…
2025-10-03 23:24:37  [bluetooth] No explicit Connect() in WinRT for classic A2DP; Windows should auto-connect when audio starts.
2025-10-03 23:24:46  [bluetooth] Echo Show 5-1MM connected (within wait).
2025-10-03 23:25:09  [bluetooth] Bluetooth radio is ON.
2025-10-03 23:25:09  [bluetooth] Searching for device 'Echo Show 5-1MM' (paired) …
2025-10-03 23:25:09  [bluetooth] Found: Echo Show 5-1MM → opening…
2025-10-03 23:25:09  [bluetooth] Device already connected.
2025-10-03 23:25:09  [bluetooth] Echo Show 5-1MM connected (within wait).
2025-10-03 23:25:13  [bluetooth] Bluetooth radio is ON.
2025-10-03 23:25:13  [bluetooth] Searching for device 'Echo Show 5-1MM' (paired) …
2025-10-03 23:25:13  [bluetooth] Found: Echo Show 5-1MM → opening…
2025-10-03 23:25:13  [bluetooth] Device already connected.
2025-10-03 23:25:13  [bluetooth] Echo Show 5-1MM connected (within wait).
2025-10-03 23:25:54  [bluetooth] Bluetooth radio is ON.
2025-10-03 23:25:54  [bluetooth] Searching for device 'Echo Show 5-1MM' (paired) …
2025-10-03 23:25:54  [bluetooth] Found: Echo Show 5-1MM → opening…
2025-10-03 23:25:54  [bluetooth] Device already connected.
2025-10-03 23:25:54  [bluetooth] Echo Show 5-1MM connected (within wait).
2025-10-03 23:26:36  [bluetooth] Bluetooth radio is ON.
2025-10-03 23:26:36  [bluetooth] Searching for device 'Echo Show 5-1MM' (paired) …
2025-10-03 23:26:36  [bluetooth] Found: Echo Show 5-1MM → opening…
2025-10-03 23:26:36  [bluetooth] Device already connected.
2025-10-03 23:26:36  [bluetooth] Echo Show 5-1MM connected (within wait).
2025-10-03 23:26:45  [bluetooth] Bluetooth radio is ON.
2025-10-03 23:26:45  [bluetooth] Searching for device 'Echo Show 5-1MM' (paired) …
2025-10-03 23:26:45  [bluetooth] Found: Echo Show 5-1MM → opening…
2025-10-03 23:26:45  [bluetooth] Device already connected.
2025-10-03 23:26:45  [bluetooth] Echo Show 5-1MM connected (within wait).
2025-10-03 23:34:37  [bluetooth] Bluetooth radio is ON.
2025-10-03 23:34:37  [bluetooth] Searching for device 'Echo Show 5-1MM' (paired) …
2025-10-03 23:34:37  [bluetooth] Found: Echo Show 5-1MM → opening…
2025-10-03 23:34:37  [bluetooth] Device already connected.
2025-10-03 23:34:37  [bluetooth] Echo Show 5-1MM connected (within wait).
2025-10-03 23:34:50  [bluetooth] Bluetooth radio is ON.
2025-10-03 23:34:50  [bluetooth] Searching for device 'Echo Show 5-1MM' (paired) …
2025-10-03 23:34:50  [bluetooth] Found: Echo Show 5-1MM → opening…
2025-10-03 23:34:50  [bluetooth] Device already connected.
2025-10-03 23:34:50  [bluetooth] Echo Show 5-1MM connected (within wait).
2025-10-03 23:34:56  [bluetooth] Bluetooth radio is ON.
2025-10-03 23:34:56  [bluetooth] Searching for device 'Echo Show 5-1MM' (paired) …
2025-10-03 23:34:56  [bluetooth] Found: Echo Show 5-1MM → opening…
2025-10-03 23:34:56  [bluetooth] Device already connected.
2025-10-03 23:34:56  [bluetooth] Echo Show 5-1MM connected (within wait).
2025-10-03 23:56:23  [bluetooth] Bluetooth radio is ON.
2025-10-03 23:56:23  [bluetooth] Searching for device 'Echo Show 5-1MM' (paired) …
2025-10-03 23:56:23  [bluetooth] Found: Echo Show 5-1MM → opening…
2025-10-03 23:56:23  [bluetooth] Device already connected.
2025-10-03 23:56:23  [bluetooth] Echo Show 5-1MM connected (within wait).
2025-10-03 23:56:34  [bluetooth] Bluetooth OFF → toggling ON…
2025-10-03 23:56:36  [bluetooth] Bluetooth radio is ON.
2025-10-03 23:56:36  [bluetooth] Searching for device 'Echo Show 5-1MM' (paired) …
2025-10-03 23:56:36  [bluetooth] Found: Echo Show 5-1MM → opening…
2025-10-03 23:56:36  [bluetooth] Device paired but not connected; nudging services…
2025-10-03 23:56:38  [bluetooth] No explicit Connect() in WinRT for classic A2DP; Windows should auto-connect when audio starts.
2025-10-03 23:56:50  [bluetooth] Echo Show 5-1MM connected (within wait).
2025-10-04 00:01:18  [bluetooth] Bluetooth radio is ON.
2025-10-04 00:01:18  [bluetooth] Searching for device 'Echo Show 5-1MM' (paired) …
2025-10-04 00:01:18  [bluetooth] Found: Echo Show 5-1MM → opening…
2025-10-04 00:01:18  [bluetooth] Device already connected.
2025-10-04 00:01:18  [bluetooth] Echo Show 5-1MM connected (within wait).
2025-10-04 00:01:38  [bluetooth] Bluetooth radio is ON.
2025-10-04 00:01:38  [bluetooth] Searching for device 'Echo Show 5-1MM' (paired) …
2025-10-04 00:01:38  [bluetooth] Found: Echo Show 5-1MM → opening…
2025-10-04 00:01:38  [bluetooth] Device already connected.
2025-10-04 00:01:38  [bluetooth] Echo Show 5-1MM connected (within wait).
2025-10-04 00:01:52  [bluetooth] Bluetooth radio is ON.
2025-10-04 00:01:52  [bluetooth] Searching for device 'Echo Show 5-1MM' (paired) …
2025-10-04 00:01:52  [bluetooth] Found: Echo Show 5-1MM → opening…
2025-10-04 00:01:52  [bluetooth] Device already connected.
2025-10-04 00:01:52  [bluetooth] Echo Show 5-1MM connected (within wait).
2025-10-04 11:15:39  [bluetooth] Bluetooth radio is ON.
2025-10-04 11:15:39  [bluetooth] Searching for device 'Echo Show 5-1MM' (paired) …
2025-10-04 11:15:41  [bluetooth] Found: Echo Show 5-1MM → opening…
2025-10-04 11:15:41  [bluetooth] Device paired but not connected; nudging services…
2025-10-04 11:15:43  [bluetooth] No explicit Connect() in WinRT for classic A2DP; Windows should auto-connect when audio starts.
2025-10-04 11:20:46  [bluetooth] Echo Show 5-1MM not connected within 12s.
2025-10-05 18:04:59  [bluetooth] Bluetooth OFF → toggling ON…
2025-10-05 18:05:01  [bluetooth] Bluetooth radio is ON.
2025-10-05 18:05:01  [bluetooth] Searching for device 'Echo Show 5-1MM' (paired) …
2025-10-05 18:05:01  [bluetooth] Found: Echo Show 5-1MM → opening…
2025-10-05 18:05:01  [bluetooth] Device paired but not connected; nudging services…
2025-10-05 18:05:03  [bluetooth] No explicit Connect() in WinRT for classic A2DP; Windows should auto-connect when audio starts.
2025-10-05 18:05:12  [bluetooth] Echo Show 5-1MM connected (within wait).
2025-10-05 18:05:28  [bluetooth] Bluetooth radio is ON.
2025-10-05 18:05:28  [bluetooth] Searching for device 'Echo Show 5-1MM' (paired) …
2025-10-05 18:05:28  [bluetooth] Found: Echo Show 5-1MM → opening…
2025-10-05 18:05:28  [bluetooth] Device already connected.
2025-10-05 18:05:28  [bluetooth] Echo Show 5-1MM connected (within wait).
2025-10-05 19:03:05  [bluetooth] Bluetooth OFF → toggling ON…
2025-10-05 19:03:07  [bluetooth] Bluetooth radio is ON.
2025-10-05 19:03:07  [bluetooth] Searching for device 'Echo Show 5-1MM' (paired) …
2025-10-05 19:03:07  [bluetooth] Found: Echo Show 5-1MM → opening…
2025-10-05 19:03:07  [bluetooth] Device paired but not connected; nudging services…
2025-10-05 19:03:09  [bluetooth] No explicit Connect() in WinRT for classic A2DP; Windows should auto-connect when audio starts.
2025-10-05 19:03:18  [bluetooth] Echo Show 5-1MM connected (within wait).
